2024-12-14 00:05:35,959 - passlib.handlers.bcrypt - WARNING - (trapped) error reading bcrypt version
Traceback (most recent call last):
  File "C:\Mentor\fast_crash\.venv\Lib\site-packages\passlib\handlers\bcrypt.py", line 620, in _load_backend_mixin
    version = _bcrypt.__about__.__version__
              ^^^^^^^^^^^^^^^^^
AttributeError: module 'bcrypt' has no attribute '__about__'
2024-12-14 00:05:36,434 - root - INFO - Application startup completed
2024-12-14 00:06:18,441 - repository - INFO - Found 0 tasks
2024-12-14 00:06:32,971 - repository - INFO - Added task with id: 1
2024-12-14 00:14:34,924 - root - INFO - Application shutdown completed
2024-12-14 00:14:36,219 - passlib.handlers.bcrypt - WARNING - (trapped) error reading bcrypt version
Traceback (most recent call last):
  File "C:\Mentor\fast_crash\.venv\Lib\site-packages\passlib\handlers\bcrypt.py", line 620, in _load_backend_mixin
    version = _bcrypt.__about__.__version__
              ^^^^^^^^^^^^^^^^^
AttributeError: module 'bcrypt' has no attribute '__about__'
2024-12-14 00:14:36,707 - root - INFO - Application startup completed
2024-12-14 00:15:05,622 - repository - INFO - Added task with id: 1
2024-12-14 00:31:09,277 - root - INFO - Application shutdown completed
2024-12-14 00:31:10,956 - passlib.handlers.bcrypt - WARNING - (trapped) error reading bcrypt version
Traceback (most recent call last):
  File "C:\Mentor\fast_crash\.venv\Lib\site-packages\passlib\handlers\bcrypt.py", line 620, in _load_backend_mixin
    version = _bcrypt.__about__.__version__
              ^^^^^^^^^^^^^^^^^
AttributeError: module 'bcrypt' has no attribute '__about__'
2024-12-14 00:31:11,433 - root - INFO - Application startup completed
2024-12-14 00:31:29,683 - passlib.handlers.bcrypt - WARNING - (trapped) error reading bcrypt version
Traceback (most recent call last):
  File "C:\Mentor\fast_crash\.venv\Lib\site-packages\passlib\handlers\bcrypt.py", line 620, in _load_backend_mixin
    version = _bcrypt.__about__.__version__
              ^^^^^^^^^^^^^^^^^
AttributeError: module 'bcrypt' has no attribute '__about__'
2024-12-14 00:31:30,163 - root - INFO - Application startup completed
2024-12-14 00:31:42,540 - repository - INFO - Added task with id: 1
2024-12-14 00:33:59,521 - root - INFO - Application shutdown completed
2024-12-14 00:34:00,787 - passlib.handlers.bcrypt - WARNING - (trapped) error reading bcrypt version
Traceback (most recent call last):
  File "C:\Mentor\fast_crash\.venv\Lib\site-packages\passlib\handlers\bcrypt.py", line 620, in _load_backend_mixin
    version = _bcrypt.__about__.__version__
              ^^^^^^^^^^^^^^^^^
AttributeError: module 'bcrypt' has no attribute '__about__'
2024-12-14 00:34:01,268 - root - INFO - Application startup completed
2024-12-14 00:35:11,044 - root - INFO - Application shutdown completed
2024-12-14 00:35:12,535 - passlib.handlers.bcrypt - WARNING - (trapped) error reading bcrypt version
Traceback (most recent call last):
  File "C:\Mentor\fast_crash\.venv\Lib\site-packages\passlib\handlers\bcrypt.py", line 620, in _load_backend_mixin
    version = _bcrypt.__about__.__version__
              ^^^^^^^^^^^^^^^^^
AttributeError: module 'bcrypt' has no attribute '__about__'
2024-12-14 00:35:13,016 - root - INFO - Application startup completed
2024-12-14 00:35:57,919 - root - INFO - Application shutdown completed
2024-12-14 00:35:59,269 - passlib.handlers.bcrypt - WARNING - (trapped) error reading bcrypt version
Traceback (most recent call last):
  File "C:\Mentor\fast_crash\.venv\Lib\site-packages\passlib\handlers\bcrypt.py", line 620, in _load_backend_mixin
    version = _bcrypt.__about__.__version__
              ^^^^^^^^^^^^^^^^^
AttributeError: module 'bcrypt' has no attribute '__about__'
2024-12-14 00:35:59,749 - root - INFO - Application startup completed
2024-12-14 00:36:52,542 - repository - INFO - Added task with id: 1
2024-12-14 00:36:55,890 - repository - INFO - Added task with id: 2
2024-12-14 00:36:58,290 - repository - INFO - Added task with id: 3
2024-12-14 00:44:07,924 - root - INFO - Application shutdown completed
2024-12-14 00:46:54,501 - passlib.handlers.bcrypt - WARNING - (trapped) error reading bcrypt version
Traceback (most recent call last):
  File "C:\Mentor\fast_crash\.venv\Lib\site-packages\passlib\handlers\bcrypt.py", line 620, in _load_backend_mixin
    version = _bcrypt.__about__.__version__
              ^^^^^^^^^^^^^^^^^
AttributeError: module 'bcrypt' has no attribute '__about__'
2024-12-14 00:46:54,972 - root - INFO - Application startup completed
2024-12-14 00:51:03,232 - root - INFO - Application shutdown completed
2024-12-14 00:54:07,384 - my_app - INFO - Application startup completed
2024-12-14 00:54:20,493 - my_app - INFO - Application startup completed
2024-12-14 00:58:55,006 - my_app - INFO - Application shutdown completed
2024-12-14 00:59:00,827 - my_app - INFO - Application startup completed
2024-12-14 01:00:22,813 - my_app - INFO - Application startup completed
2024-12-14 21:36:15,814 - my_app - INFO - Application startup completed
2024-12-14 21:38:29,726 - my_app - INFO - Received task data: name=к4еапукап, description=фыуацуа, status=TaskStatus.PENDING, due_date=None
2024-12-14 21:38:29,745 - my_app - INFO - Added task with id: 1
2024-12-14 21:38:41,713 - my_app - INFO - Received task data: name=к4еапукап2, description=фыуацуайцкйцуа, status=TaskStatus.PENDING, due_date=None
2024-12-14 21:38:41,727 - my_app - INFO - Added task with id: 2
2024-12-14 21:38:48,971 - my_app - INFO - Received task data: name=к4еапукап2цйуак, description=фыуацуайцкйцуа, status=TaskStatus.PENDING, due_date=None
2024-12-14 21:38:48,987 - my_app - INFO - Added task with id: 3
2024-12-14 21:39:14,879 - my_app - INFO - Received task data: name=попить кофе, description=срочно но неважно, status=TaskStatus.IN_PROGRESS, due_date=None
2024-12-14 21:39:14,899 - my_app - INFO - Added task with id: 4
2024-12-14 21:42:16,643 - my_app - INFO - Received task data: name=попить радколы, description=срочно но неважно, status=TaskStatus.IN_PROGRESS, due_date=None
2024-12-14 21:42:16,656 - my_app - INFO - Added task with id: 5
2024-12-14 21:59:48,580 - my_app - INFO - Application shutdown completed
2024-12-14 21:59:50,432 - my_app - INFO - Application startup completed
2024-12-14 22:00:42,402 - my_app - INFO - Received task data: name=ыуап, description=ыфва, status=TaskStatus.PENDING, due_date=None
2024-12-14 22:00:42,411 - my_app - INFO - Added task with id: 1
2024-12-14 22:00:46,255 - my_app - INFO - Received task data: name=ыуап2, description=ыфва, status=TaskStatus.PENDING, due_date=None
2024-12-14 22:00:46,277 - my_app - INFO - Added task with id: 2
2024-12-14 22:00:48,583 - my_app - INFO - Received task data: name=ыуап23, description=ыфва, status=TaskStatus.PENDING, due_date=None
2024-12-14 22:00:48,598 - my_app - INFO - Added task with id: 3
2024-12-14 22:00:50,211 - my_app - INFO - Received task data: name=ыуап234, description=ыфва, status=TaskStatus.PENDING, due_date=None
2024-12-14 22:00:50,224 - my_app - INFO - Added task with id: 4
2024-12-14 22:09:53,374 - my_app - INFO - Application shutdown completed
2024-12-14 22:09:55,715 - my_app - INFO - Application startup completed
2024-12-14 22:11:05,359 - my_app - INFO - Application shutdown completed
2024-12-14 22:11:07,572 - my_app - INFO - Application startup completed
2024-12-14 22:11:13,146 - my_app - INFO - Application shutdown completed
2024-12-14 22:11:15,212 - my_app - INFO - Application startup completed
2024-12-14 22:19:45,888 - my_app - INFO - Application shutdown completed
2024-12-14 22:19:47,778 - my_app - INFO - Application startup completed
2024-12-14 22:22:04,331 - my_app - INFO - Application shutdown completed
2024-12-14 22:22:06,383 - my_app - INFO - Application startup completed
2024-12-14 22:23:56,325 - my_app - INFO - Application shutdown completed
2024-12-14 22:23:59,577 - my_app - INFO - Application startup completed
2024-12-14 22:24:41,193 - my_app - INFO - Application shutdown completed
2024-12-16 20:35:00,065 - my_app - INFO - Application startup completed
2024-12-16 20:37:32,284 - my_app - INFO - Application shutdown completed
2024-12-16 20:37:52,121 - my_app - INFO - Application startup completed
2024-12-16 20:55:20,114 - my_app - INFO - Application shutdown completed
